<?xml version="1.0" encoding="UTF-8"?>
<testng-results skipped="0" failed="0" ignored="0" total="1" passed="1">
  <reporter-output>
  </reporter-output>
  <suite name="Default suite" duration-ms="8269" started-at="2020-08-20T00:52:12 IST" finished-at="2020-08-20T00:52:20 IST">
    <groups>
    </groups>
    <test name="Default test" duration-ms="8269" started-at="2020-08-20T00:52:12 IST" finished-at="2020-08-20T00:52:20 IST">
      <class name="restcountries.getcountries.ExtractionofTimezone">
        <test-method status="PASS" signature="f()[pri:0, instance:restcountries.getcountries.ExtractionofTimezone@3701eaf6]" name="f" duration-ms="8197" started-at="2020-08-20T00:52:12 IST" finished-at="2020-08-20T00:52:20 IST">
          <reporter-output>
          </reporter-output>
        </test-method> <!-- f -->
      </class> <!-- restcountries.getcountries.ExtractionofTimezone -->
    </test> <!-- Default test -->
  </suite> <!-- Default suite -->
</testng-results>
